[0.796s] DEBUG:colcon:Command line arguments: ['/usr/bin/colcon', 'build', '--symlink-install', '--packages-select', 'integrated_robot_control']
[0.796s] DEBUG:colcon:Parsed command line arguments: Namespace(allow_overriding=[], ament_cmake_args=None, base_paths=['.'], build_base='build', catkin_cmake_args=None, catkin_skip_building_tests=False, cmake_args=None, cmake_clean_cache=False, cmake_clean_first=False, cmake_force_configure=False, cmake_target=None, cmake_target_skip_unavailable=False, continue_on_error=False, event_handlers=None, executor='parallel', ignore_user_meta=False, install_base='install', log_base=None, log_level=None, main=<bound method BuildVerb.main of <colcon_core.verb.build.BuildVerb object at 0xffff83b6ef70>>, merge_install=False, metas=['./colcon.meta'], mixin=None, mixin_files=None, mixin_verb=('build',), packages_above=None, packages_above_and_dependencies=None, packages_above_depth=None, packages_end=None, packages_ignore=None, packages_ignore_regex=None, packages_select=['integrated_robot_control'], packages_select_build_failed=False, packages_select_by_dep=None, packages_select_regex=None, packages_select_test_failures=False, packages_skip=None, packages_skip_build_finished=False, packages_skip_by_dep=None, packages_skip_regex=None, packages_skip_test_passed=False, packages_skip_up_to=None, packages_start=None, packages_up_to=None, packages_up_to_regex=None, parallel_workers=4, paths=None, symlink_install=True, test_result_base=None, verb_extension=<colcon_core.verb.build.BuildVerb object at 0xffff83b6ef70>, verb_name='build', verb_parser=<colcon_mixin.mixin.mixin_argument.MixinArgumentDecorator object at 0xffff83a67310>)
[1.461s] Level 1:colcon.colcon_core.package_discovery:discover_packages(colcon_meta) check parameters
[1.462s] Level 1:colcon.colcon_core.package_discovery:discover_packages(recursive) check parameters
[1.462s] Level 1:colcon.colcon_core.package_discovery:discover_packages(ignore) check parameters
[1.462s] Level 1:colcon.colcon_core.package_discovery:discover_packages(path) check parameters
[1.462s] Level 1:colcon.colcon_core.package_discovery:discover_packages(colcon_meta) discover
[1.463s] Level 1:colcon.colcon_core.package_discovery:discover_packages(recursive) discover
[1.463s] INFO:colcon.colcon_core.package_discovery:Crawling recursively for packages in '/home/ubuntu/robot_ws/src/integrated_robot_control'
[1.463s] Level 1:colcon.colcon_core.package_identification:_identify(.) by extensions ['ignore', 'ignore_ament_install']
[1.464s] Level 1:colcon.colcon_core.package_identification:_identify(.) by extension 'ignore'
[1.465s] Level 1:colcon.colcon_core.package_identification:_identify(.) by extension 'ignore_ament_install'
[1.465s] Level 1:colcon.colcon_core.package_identification:_identify(.) by extensions ['colcon_pkg']
[1.465s] Level 1:colcon.colcon_core.package_identification:_identify(.) by extension 'colcon_pkg'
[1.465s] Level 1:colcon.colcon_core.package_identification:_identify(.) by extensions ['colcon_meta']
[1.465s] Level 1:colcon.colcon_core.package_identification:_identify(.) by extension 'colcon_meta'
[1.465s] Level 1:colcon.colcon_core.package_identification:_identify(.) by extensions ['ros']
[1.465s] Level 1:colcon.colcon_core.package_identification:_identify(.) by extension 'ros'
[1.516s] DEBUG:colcon.colcon_core.package_identification:Package '.' with type 'ros.ament_python' and name 'integrated_robot_control'
[1.516s] Level 1:colcon.colcon_core.package_discovery:discover_packages(recursive) using defaults
[1.516s] Level 1:colcon.colcon_core.package_discovery:discover_packages(ignore) discover
[1.516s] Level 1:colcon.colcon_core.package_discovery:discover_packages(ignore) using defaults
[1.517s] Level 1:colcon.colcon_core.package_discovery:discover_packages(path) discover
[1.517s] Level 1:colcon.colcon_core.package_discovery:discover_packages(path) using defaults
[1.579s] Level 1:colcon.colcon_core.package_discovery:discover_packages(prefix_path) check parameters
[1.579s] Level 1:colcon.colcon_core.package_discovery:discover_packages(prefix_path) discover
[1.624s] DEBUG:colcon.colcon_installed_package_information.package_discovery:Found 8 installed packages in /home/ubuntu/robot_ws/install
[1.631s] DEBUG:colcon.colcon_installed_package_information.package_discovery:Found 265 installed packages in /opt/ros/foxy
[1.638s] Level 1:colcon.colcon_core.package_discovery:discover_packages(prefix_path) using defaults
[1.970s] Level 5:colcon.colcon_core.verb:set package 'integrated_robot_control' build argument 'cmake_args' from command line to 'None'
[1.970s] Level 5:colcon.colcon_core.verb:set package 'integrated_robot_control' build argument 'cmake_target' from command line to 'None'
[1.971s] Level 5:colcon.colcon_core.verb:set package 'integrated_robot_control' build argument 'cmake_target_skip_unavailable' from command line to 'False'
[1.971s] Level 5:colcon.colcon_core.verb:set package 'integrated_robot_control' build argument 'cmake_clean_cache' from command line to 'False'
[1.971s] Level 5:colcon.colcon_core.verb:set package 'integrated_robot_control' build argument 'cmake_clean_first' from command line to 'False'
[1.971s] Level 5:colcon.colcon_core.verb:set package 'integrated_robot_control' build argument 'cmake_force_configure' from command line to 'False'
[1.971s] Level 5:colcon.colcon_core.verb:set package 'integrated_robot_control' build argument 'ament_cmake_args' from command line to 'None'
[1.971s] Level 5:colcon.colcon_core.verb:set package 'integrated_robot_control' build argument 'catkin_cmake_args' from command line to 'None'
[1.971s] Level 5:colcon.colcon_core.verb:set package 'integrated_robot_control' build argument 'catkin_skip_building_tests' from command line to 'False'
[1.971s] DEBUG:colcon.colcon_core.verb:Building package 'integrated_robot_control' with the following arguments: {'ament_cmake_args': None, 'build_base': '/home/ubuntu/robot_ws/src/integrated_robot_control/build/integrated_robot_control', 'catkin_cmake_args': None, 'catkin_skip_building_tests': False, 'cmake_args': None, 'cmake_clean_cache': False, 'cmake_clean_first': False, 'cmake_force_configure': False, 'cmake_target': None, 'cmake_target_skip_unavailable': False, 'install_base': '/home/ubuntu/robot_ws/src/integrated_robot_control/install/integrated_robot_control', 'merge_install': False, 'path': '/home/ubuntu/robot_ws/src/integrated_robot_control', 'symlink_install': True, 'test_result_base': None}
[1.972s] INFO:colcon.colcon_core.executor:Executing jobs using 'parallel' executor
[1.975s] DEBUG:colcon.colcon_parallel_executor.executor.parallel:run_until_complete
[1.976s] INFO:colcon.colcon_ros.task.ament_python.build:Building ROS package in '/home/ubuntu/robot_ws/src/integrated_robot_control' with build type 'ament_python'
[1.977s] Level 1:colcon.colcon_core.shell:create_environment_hook('integrated_robot_control', 'ament_prefix_path')
[1.985s] INFO:colcon.colcon_core.plugin_system:Skipping extension 'colcon_core.shell.bat': Not used on non-Windows systems
[1.986s] INFO:colcon.colcon_core.shell:Creating environment hook '/home/ubuntu/robot_ws/src/integrated_robot_control/install/integrated_robot_control/share/integrated_robot_control/hook/ament_prefix_path.ps1'
[1.988s] INFO:colcon.colcon_core.shell:Creating environment descriptor '/home/ubuntu/robot_ws/src/integrated_robot_control/install/integrated_robot_control/share/integrated_robot_control/hook/ament_prefix_path.dsv'
[1.990s] INFO:colcon.colcon_core.shell:Creating environment hook '/home/ubuntu/robot_ws/src/integrated_robot_control/install/integrated_robot_control/share/integrated_robot_control/hook/ament_prefix_path.sh'
[1.993s] INFO:colcon.colcon_core.shell:Skip shell extension 'powershell' for command environment: Not usable outside of PowerShell
[1.994s] DEBUG:colcon.colcon_core.shell:Skip shell extension 'dsv' for command environment
[2.956s] INFO:colcon.colcon_core.task.python.build:Building Python package in '/home/ubuntu/robot_ws/src/integrated_robot_control'
[2.957s] INFO:colcon.colcon_core.shell:Skip shell extension 'powershell' for command environment: Not usable outside of PowerShell
[2.958s] DEBUG:colcon.colcon_core.shell:Skip shell extension 'dsv' for command environment
[4.576s] DEBUG:colcon.colcon_core.event_handler.log_command:Invoking command in '/home/ubuntu/robot_ws/src/integrated_robot_control/build/integrated_robot_control': PYTHONPATH=/home/ubuntu/robot_ws/src/integrated_robot_control/build/integrated_robot_control/prefix_override:/home/ubuntu/robot_ws/src/integrated_robot_control/install/integrated_robot_control/lib/python3.8/site-packages:${PYTHONPATH} /usr/bin/python3 -W ignore:setup.py install is deprecated setup.py develop --editable --build-directory /home/ubuntu/robot_ws/src/integrated_robot_control/build/integrated_robot_control/build --no-deps symlink_data
[6.572s] Level 1:colcon.colcon_core.shell:create_environment_hook('integrated_robot_control', 'pythonpath_develop')
[6.573s] INFO:colcon.colcon_core.shell:Creating environment hook '/home/ubuntu/robot_ws/src/integrated_robot_control/build/integrated_robot_control/share/integrated_robot_control/hook/pythonpath_develop.ps1'
[6.575s] DEBUG:colcon.colcon_core.event_handler.log_command:Invoked command in '/home/ubuntu/robot_ws/src/integrated_robot_control/build/integrated_robot_control' returned '0': PYTHONPATH=/home/ubuntu/robot_ws/src/integrated_robot_control/build/integrated_robot_control/prefix_override:/home/ubuntu/robot_ws/src/integrated_robot_control/install/integrated_robot_control/lib/python3.8/site-packages:${PYTHONPATH} /usr/bin/python3 -W ignore:setup.py install is deprecated setup.py develop --editable --build-directory /home/ubuntu/robot_ws/src/integrated_robot_control/build/integrated_robot_control/build --no-deps symlink_data
[6.577s] INFO:colcon.colcon_core.shell:Creating environment descriptor '/home/ubuntu/robot_ws/src/integrated_robot_control/build/integrated_robot_control/share/integrated_robot_control/hook/pythonpath_develop.dsv'
[6.579s] INFO:colcon.colcon_core.shell:Creating environment hook '/home/ubuntu/robot_ws/src/integrated_robot_control/build/integrated_robot_control/share/integrated_robot_control/hook/pythonpath_develop.sh'
[6.592s] Level 1:colcon.colcon_core.environment:checking '/home/ubuntu/robot_ws/src/integrated_robot_control/install/integrated_robot_control' for CMake module files
[6.595s] Level 1:colcon.colcon_core.environment:checking '/home/ubuntu/robot_ws/src/integrated_robot_control/install/integrated_robot_control' for CMake config files
[6.599s] Level 1:colcon.colcon_core.environment:checking '/home/ubuntu/robot_ws/src/integrated_robot_control/install/integrated_robot_control/lib'
[6.600s] Level 1:colcon.colcon_core.environment:checking '/home/ubuntu/robot_ws/src/integrated_robot_control/install/integrated_robot_control/bin'
[6.600s] Level 1:colcon.colcon_core.environment:checking '/home/ubuntu/robot_ws/src/integrated_robot_control/install/integrated_robot_control/lib/pkgconfig/integrated_robot_control.pc'
[6.601s] Level 1:colcon.colcon_core.environment:checking '/home/ubuntu/robot_ws/src/integrated_robot_control/install/integrated_robot_control/lib/python3.8/site-packages'
[6.601s] Level 1:colcon.colcon_core.shell:create_environment_hook('integrated_robot_control', 'pythonpath')
[6.602s] INFO:colcon.colcon_core.shell:Creating environment hook '/home/ubuntu/robot_ws/src/integrated_robot_control/install/integrated_robot_control/share/integrated_robot_control/hook/pythonpath.ps1'
[6.604s] INFO:colcon.colcon_core.shell:Creating environment descriptor '/home/ubuntu/robot_ws/src/integrated_robot_control/install/integrated_robot_control/share/integrated_robot_control/hook/pythonpath.dsv'
[6.605s] INFO:colcon.colcon_core.shell:Creating environment hook '/home/ubuntu/robot_ws/src/integrated_robot_control/install/integrated_robot_control/share/integrated_robot_control/hook/pythonpath.sh'
[6.607s] Level 1:colcon.colcon_core.environment:checking '/home/ubuntu/robot_ws/src/integrated_robot_control/install/integrated_robot_control/bin'
[6.607s] Level 1:colcon.colcon_core.environment:create_environment_scripts_only(integrated_robot_control)
[6.609s] INFO:colcon.colcon_core.shell:Creating package script '/home/ubuntu/robot_ws/src/integrated_robot_control/install/integrated_robot_control/share/integrated_robot_control/package.ps1'
[6.612s] INFO:colcon.colcon_core.shell:Creating package descriptor '/home/ubuntu/robot_ws/src/integrated_robot_control/install/integrated_robot_control/share/integrated_robot_control/package.dsv'
[6.614s] INFO:colcon.colcon_core.shell:Creating package script '/home/ubuntu/robot_ws/src/integrated_robot_control/install/integrated_robot_control/share/integrated_robot_control/package.sh'
[6.617s] INFO:colcon.colcon_core.shell:Creating package script '/home/ubuntu/robot_ws/src/integrated_robot_control/install/integrated_robot_control/share/integrated_robot_control/package.bash'
[6.619s] INFO:colcon.colcon_core.shell:Creating package script '/home/ubuntu/robot_ws/src/integrated_robot_control/install/integrated_robot_control/share/integrated_robot_control/package.zsh'
[6.622s] Level 1:colcon.colcon_core.environment:create_file_with_runtime_dependencies(/home/ubuntu/robot_ws/src/integrated_robot_control/install/integrated_robot_control/share/colcon-core/packages/integrated_robot_control)
[6.624s] DEBUG:colcon.colcon_parallel_executor.executor.parallel:closing loop
[6.625s] DEBUG:colcon.colcon_parallel_executor.executor.parallel:loop closed
[6.625s] DEBUG:colcon.colcon_parallel_executor.executor.parallel:run_until_complete finished with '0'
[6.625s] DEBUG:colcon.colcon_core.event_reactor:joining thread
[6.649s] INFO:colcon.colcon_core.plugin_system:Skipping extension 'colcon_notification.desktop_notification.notify_send': Could not find 'notify-send'
[6.649s] INFO:colcon.colcon_core.plugin_system:Skipping extension 'colcon_notification.desktop_notification.terminal_notifier': Not used on non-Darwin systems
[6.649s] INFO:colcon.colcon_core.plugin_system:Skipping extension 'colcon_notification.desktop_notification.win32': Not used on non-Windows systems
[6.650s] INFO:colcon.colcon_notification.desktop_notification:Sending desktop notification using 'notify2'
[6.652s] DEBUG:colcon.colcon_notification.desktop_notification.notify2:Failed to initialize notify2: org.freedesktop.DBus.Error.ServiceUnknown: The name org.freedesktop.Notifications was not provided by any .service files
[6.652s] DEBUG:colcon.colcon_core.event_reactor:joined thread
[6.653s] INFO:colcon.colcon_core.shell:Creating prefix script '/home/ubuntu/robot_ws/src/integrated_robot_control/install/local_setup.ps1'
[6.656s] INFO:colcon.colcon_core.shell:Creating prefix util module '/home/ubuntu/robot_ws/src/integrated_robot_control/install/_local_setup_util_ps1.py'
[6.661s] INFO:colcon.colcon_core.shell:Creating prefix chain script '/home/ubuntu/robot_ws/src/integrated_robot_control/install/setup.ps1'
[6.668s] INFO:colcon.colcon_core.shell:Creating prefix script '/home/ubuntu/robot_ws/src/integrated_robot_control/install/local_setup.sh'
[6.672s] INFO:colcon.colcon_core.shell:Creating prefix util module '/home/ubuntu/robot_ws/src/integrated_robot_control/install/_local_setup_util_sh.py'
[6.674s] INFO:colcon.colcon_core.shell:Creating prefix chain script '/home/ubuntu/robot_ws/src/integrated_robot_control/install/setup.sh'
[6.679s] INFO:colcon.colcon_core.shell:Creating prefix script '/home/ubuntu/robot_ws/src/integrated_robot_control/install/local_setup.bash'
[6.681s] INFO:colcon.colcon_core.shell:Creating prefix chain script '/home/ubuntu/robot_ws/src/integrated_robot_control/install/setup.bash'
[6.686s] INFO:colcon.colcon_core.shell:Creating prefix script '/home/ubuntu/robot_ws/src/integrated_robot_control/install/local_setup.zsh'
[6.688s] INFO:colcon.colcon_core.shell:Creating prefix chain script '/home/ubuntu/robot_ws/src/integrated_robot_control/install/setup.zsh'
