running develop
running egg_info
creating integrated_robot_control.egg-info
writing integrated_robot_control.egg-info/PKG-INFO
writing dependency_links to integrated_robot_control.egg-info/dependency_links.txt
writing entry points to integrated_robot_control.egg-info/entry_points.txt
writing requirements to integrated_robot_control.egg-info/requires.txt
writing top-level names to integrated_robot_control.egg-info/top_level.txt
writing manifest file 'integrated_robot_control.egg-info/SOURCES.txt'
reading manifest file 'integrated_robot_control.egg-info/SOURCES.txt'
writing manifest file 'integrated_robot_control.egg-info/SOURCES.txt'
running build_ext
Creating /home/ubuntu/robot_ws/src/integrated_robot_control/install/integrated_robot_control/lib/python3.8/site-packages/site.py
Creating /home/ubuntu/robot_ws/src/integrated_robot_control/install/integrated_robot_control/lib/python3.8/site-packages/integrated-robot-control.egg-link (link to .)
Installing control_node script to /home/ubuntu/robot_ws/src/integrated_robot_control/install/integrated_robot_control/lib/integrated_robot_control
Installing ekf_node script to /home/ubuntu/robot_ws/src/integrated_robot_control/install/integrated_robot_control/lib/integrated_robot_control
Installing robot_control_node script to /home/ubuntu/robot_ws/src/integrated_robot_control/install/integrated_robot_control/lib/integrated_robot_control

Installed /home/ubuntu/robot_ws/src/integrated_robot_control/build/integrated_robot_control
running symlink_data
creating /home/ubuntu/robot_ws/src/integrated_robot_control/install/integrated_robot_control/share/ament_index
creating /home/ubuntu/robot_ws/src/integrated_robot_control/install/integrated_robot_control/share/ament_index/resource_index
creating /home/ubuntu/robot_ws/src/integrated_robot_control/install/integrated_robot_control/share/ament_index/resource_index/packages
symbolically linking /home/ubuntu/robot_ws/src/integrated_robot_control/build/integrated_robot_control/resource/integrated_robot_control -> /home/ubuntu/robot_ws/src/integrated_robot_control/install/integrated_robot_control/share/ament_index/resource_index/packages
symbolically linking /home/ubuntu/robot_ws/src/integrated_robot_control/build/integrated_robot_control/package.xml -> /home/ubuntu/robot_ws/src/integrated_robot_control/install/integrated_robot_control/share/integrated_robot_control
creating /home/ubuntu/robot_ws/src/integrated_robot_control/install/integrated_robot_control/share/integrated_robot_control/launch
symbolically linking /home/ubuntu/robot_ws/src/integrated_robot_control/build/integrated_robot_control/launch/imu.launch.py -> /home/ubuntu/robot_ws/src/integrated_robot_control/install/integrated_robot_control/share/integrated_robot_control/launch
symbolically linking /home/ubuntu/robot_ws/src/integrated_robot_control/build/integrated_robot_control/launch/integrated_robot_control.launch.py -> /home/ubuntu/robot_ws/src/integrated_robot_control/install/integrated_robot_control/share/integrated_robot_control/launch
symbolically linking /home/ubuntu/robot_ws/src/integrated_robot_control/build/integrated_robot_control/launch/lidar.launch.py -> /home/ubuntu/robot_ws/src/integrated_robot_control/install/integrated_robot_control/share/integrated_robot_control/launch
creating /home/ubuntu/robot_ws/src/integrated_robot_control/install/integrated_robot_control/share/integrated_robot_control/config
symbolically linking /home/ubuntu/robot_ws/src/integrated_robot_control/build/integrated_robot_control/config/ekf.yaml -> /home/ubuntu/robot_ws/src/integrated_robot_control/install/integrated_robot_control/share/integrated_robot_control/config
symbolically linking /home/ubuntu/robot_ws/src/integrated_robot_control/build/integrated_robot_control/config/ps4.config.yaml -> /home/ubuntu/robot_ws/src/integrated_robot_control/install/integrated_robot_control/share/integrated_robot_control/config
