[2.598s] Invoking command in '/home/ubuntu/robot_ws/src/integrated_robot_control/build/integrated_robot_control': PYTHONPATH=/home/ubuntu/robot_ws/src/integrated_robot_control/build/integrated_robot_control/prefix_override:/home/ubuntu/robot_ws/src/integrated_robot_control/install/integrated_robot_control/lib/python3.8/site-packages:${PYTHONPATH} /usr/bin/python3 -W ignore:setup.py install is deprecated setup.py develop --editable --build-directory /home/ubuntu/robot_ws/src/integrated_robot_control/build/integrated_robot_control/build --no-deps symlink_data
[3.632s] running develop
[4.187s] running egg_info
[4.187s] creating integrated_robot_control.egg-info
[4.188s] writing integrated_robot_control.egg-info/PKG-INFO
[4.189s] writing dependency_links to integrated_robot_control.egg-info/dependency_links.txt
[4.189s] writing entry points to integrated_robot_control.egg-info/entry_points.txt
[4.190s] writing requirements to integrated_robot_control.egg-info/requires.txt
[4.191s] writing top-level names to integrated_robot_control.egg-info/top_level.txt
[4.195s] writing manifest file 'integrated_robot_control.egg-info/SOURCES.txt'
[4.312s] reading manifest file 'integrated_robot_control.egg-info/SOURCES.txt'
[4.314s] writing manifest file 'integrated_robot_control.egg-info/SOURCES.txt'
[4.460s] running build_ext
[4.461s] Creating /home/ubuntu/robot_ws/src/integrated_robot_control/install/integrated_robot_control/lib/python3.8/site-packages/site.py
[4.469s] Creating /home/ubuntu/robot_ws/src/integrated_robot_control/install/integrated_robot_control/lib/python3.8/site-packages/integrated-robot-control.egg-link (link to .)
[4.472s] Installing control_node script to /home/ubuntu/robot_ws/src/integrated_robot_control/install/integrated_robot_control/lib/integrated_robot_control
[4.473s] Installing ekf_node script to /home/ubuntu/robot_ws/src/integrated_robot_control/install/integrated_robot_control/lib/integrated_robot_control
[4.473s] Installing robot_control_node script to /home/ubuntu/robot_ws/src/integrated_robot_control/install/integrated_robot_control/lib/integrated_robot_control
[4.475s] 
[4.475s] Installed /home/ubuntu/robot_ws/src/integrated_robot_control/build/integrated_robot_control
[4.475s] running symlink_data
[4.476s] creating /home/ubuntu/robot_ws/src/integrated_robot_control/install/integrated_robot_control/share/ament_index
[4.476s] creating /home/ubuntu/robot_ws/src/integrated_robot_control/install/integrated_robot_control/share/ament_index/resource_index
[4.477s] creating /home/ubuntu/robot_ws/src/integrated_robot_control/install/integrated_robot_control/share/ament_index/resource_index/packages
[4.477s] symbolically linking /home/ubuntu/robot_ws/src/integrated_robot_control/build/integrated_robot_control/resource/integrated_robot_control -> /home/ubuntu/robot_ws/src/integrated_robot_control/install/integrated_robot_control/share/ament_index/resource_index/packages
[4.478s] symbolically linking /home/ubuntu/robot_ws/src/integrated_robot_control/build/integrated_robot_control/package.xml -> /home/ubuntu/robot_ws/src/integrated_robot_control/install/integrated_robot_control/share/integrated_robot_control
[4.478s] creating /home/ubuntu/robot_ws/src/integrated_robot_control/install/integrated_robot_control/share/integrated_robot_control/launch
[4.478s] symbolically linking /home/ubuntu/robot_ws/src/integrated_robot_control/build/integrated_robot_control/launch/imu.launch.py -> /home/ubuntu/robot_ws/src/integrated_robot_control/install/integrated_robot_control/share/integrated_robot_control/launch
[4.479s] symbolically linking /home/ubuntu/robot_ws/src/integrated_robot_control/build/integrated_robot_control/launch/integrated_robot_control.launch.py -> /home/ubuntu/robot_ws/src/integrated_robot_control/install/integrated_robot_control/share/integrated_robot_control/launch
[4.479s] symbolically linking /home/ubuntu/robot_ws/src/integrated_robot_control/build/integrated_robot_control/launch/lidar.launch.py -> /home/ubuntu/robot_ws/src/integrated_robot_control/install/integrated_robot_control/share/integrated_robot_control/launch
[4.480s] creating /home/ubuntu/robot_ws/src/integrated_robot_control/install/integrated_robot_control/share/integrated_robot_control/config
[4.480s] symbolically linking /home/ubuntu/robot_ws/src/integrated_robot_control/build/integrated_robot_control/config/ekf.yaml -> /home/ubuntu/robot_ws/src/integrated_robot_control/install/integrated_robot_control/share/integrated_robot_control/config
[4.481s] symbolically linking /home/ubuntu/robot_ws/src/integrated_robot_control/build/integrated_robot_control/config/ps4.config.yaml -> /home/ubuntu/robot_ws/src/integrated_robot_control/install/integrated_robot_control/share/integrated_robot_control/config
[4.598s] Invoked command in '/home/ubuntu/robot_ws/src/integrated_robot_control/build/integrated_robot_control' returned '0': PYTHONPATH=/home/ubuntu/robot_ws/src/integrated_robot_control/build/integrated_robot_control/prefix_override:/home/ubuntu/robot_ws/src/integrated_robot_control/install/integrated_robot_control/lib/python3.8/site-packages:${PYTHONPATH} /usr/bin/python3 -W ignore:setup.py install is deprecated setup.py develop --editable --build-directory /home/ubuntu/robot_ws/src/integrated_robot_control/build/integrated_robot_control/build --no-deps symlink_data
